{"C:\\Users\\yoet9\\WebstormProjects\\side-project\\projects\\ui-core-system\\config\\CSSStub.ts": {"path":"C:\\Users\\yoet9\\WebstormProjects\\side-project\\projects\\ui-core-system\\config\\CSSStub.ts","all":false,"statementMap":{"0":{"start":{"line":1,"column":0},"end":{"line":1,"column":17}}},"s":{"0":1},"branchMap":{},"b":{},"fnMap":{},"f":{}}
,"C:\\Users\\yoet9\\WebstormProjects\\side-project\\projects\\ui-core-system\\src\\app\\App.tsx": {"path":"C:\\Users\\yoet9\\WebstormProjects\\side-project\\projects\\ui-core-system\\src\\app\\App.tsx","all":false,"statementMap":{"0":{"start":{"line":1,"column":0},"end":{"line":1,"column":26}},"1":{"start":{"line":2,"column":0},"end":{"line":2,"column":20}},"2":{"start":{"line":3,"column":0},"end":{"line":3,"column":0}},"3":{"start":{"line":4,"column":0},"end":{"line":4,"column":26}},"4":{"start":{"line":5,"column":0},"end":{"line":5,"column":12}},"5":{"start":{"line":6,"column":0},"end":{"line":6,"column":26}},"6":{"start":{"line":7,"column":0},"end":{"line":7,"column":5}},"7":{"start":{"line":8,"column":0},"end":{"line":8,"column":1}}},"s":{"0":1,"1":1,"2":1,"3":1,"4":1,"5":1,"6":1,"7":1},"branchMap":{"0":{"type":"branch","line":4,"loc":{"start":{"line":4,"column":19},"end":{"line":8,"column":1}},"locations":[{"start":{"line":4,"column":19},"end":{"line":8,"column":1}}]}},"b":{"0":[1]},"fnMap":{"0":{"name":"App","decl":{"start":{"line":4,"column":19},"end":{"line":8,"column":1}},"loc":{"start":{"line":4,"column":19},"end":{"line":8,"column":1}},"line":4}},"f":{"0":1}}
}
